c:\users\dell\desktop\toothseg\trimesh_framework\trimesh_framework\release\vc120.pdb
c:\users\dell\desktop\toothseg\trimesh_framework\trimesh_framework\release\trimesh_io.obj
c:\users\dell\desktop\toothseg\trimesh_framework\trimesh_framework\release\rtsc.obj
c:\users\dell\desktop\toothseg\trimesh_framework\trimesh_framework\release\trimesh_grid.obj
c:\users\dell\desktop\toothseg\trimesh_framework\trimesh_framework\release\trimesh_curvature.obj
c:\users\dell\desktop\toothseg\trimesh_framework\trimesh_framework\release\trimesh_connectivity.obj
c:\users\dell\desktop\toothseg\trimesh_framework\trimesh_framework\release\trimesh_bounding.obj
c:\users\dell\desktop\toothseg\trimesh_framework\trimesh_framework\release\subdiv.obj
c:\users\dell\desktop\toothseg\trimesh_framework\trimesh_framework\release\shared.obj
c:\users\dell\desktop\toothseg\trimesh_framework\trimesh_framework\release\reorder_verts.obj
c:\users\dell\desktop\toothseg\trimesh_framework\trimesh_framework\release\remove.obj
c:\users\dell\desktop\toothseg\trimesh_framework\trimesh_framework\release\overlap.obj
c:\users\dell\desktop\toothseg\trimesh_framework\trimesh_framework\release\lmsmooth.obj
c:\users\dell\desktop\toothseg\trimesh_framework\trimesh_framework\release\kdtree.obj
c:\users\dell\desktop\toothseg\trimesh_framework\trimesh_framework\release\icp.obj
c:\users\dell\desktop\toothseg\trimesh_framework\trimesh_framework\release\glcamera.obj
c:\users\dell\desktop\toothseg\trimesh_framework\trimesh_framework\release\filter.obj
c:\users\dell\desktop\toothseg\trimesh_framework\trimesh_framework\release\faceflip.obj
c:\users\dell\desktop\toothseg\trimesh_framework\trimesh_framework\release\edgeflip.obj
c:\users\dell\desktop\toothseg\trimesh_framework\trimesh_framework\release\diffuse.obj
c:\users\dell\desktop\toothseg\trimesh_framework\trimesh_framework\release\conn_comps.obj
c:\users\dell\desktop\toothseg\trimesh_framework\trimesh_framework\release\apparentridge.obj
c:\users\dell\desktop\toothseg\trimesh_framework\trimesh_framework\release\trimesh_tstrips.obj
c:\users\dell\desktop\toothseg\trimesh_framework\trimesh_framework\release\trimesh_stats.obj
c:\users\dell\desktop\toothseg\trimesh_framework\trimesh_framework\release\trimesh_pointareas.obj
c:\users\dell\desktop\toothseg\trimesh_framework\trimesh_framework\release\trimesh_normals.obj
c:\users\dell\desktop\toothseg\trimesh_framework\release\trimesh_framework.exe
c:\users\dell\desktop\toothseg\trimesh_framework\release\trimesh_framework.pdb
c:\users\dell\desktop\toothseg\trimesh_framework\trimesh_framework\release\trimesh_.b09df1d5.tlog\cl.command.1.tlog
c:\users\dell\desktop\toothseg\trimesh_framework\trimesh_framework\release\trimesh_.b09df1d5.tlog\cl.read.1.tlog
c:\users\dell\desktop\toothseg\trimesh_framework\trimesh_framework\release\trimesh_.b09df1d5.tlog\cl.write.1.tlog
c:\users\dell\desktop\toothseg\trimesh_framework\trimesh_framework\release\trimesh_.b09df1d5.tlog\link.command.1.tlog
c:\users\dell\desktop\toothseg\trimesh_framework\trimesh_framework\release\trimesh_.b09df1d5.tlog\link.read.1.tlog
c:\users\dell\desktop\toothseg\trimesh_framework\trimesh_framework\release\trimesh_.b09df1d5.tlog\link.write.1.tlog
